<?xml version="1.0" encoding="UTF-8"?>
<testng-results skipped="0" failed="0" total="2" passed="2">
  <reporter-output>
  </reporter-output>
  <suite name="Suite" duration-ms="22452" started-at="2017-04-27T10:38:30Z" finished-at="2017-04-27T10:38:52Z">
    <groups>
    </groups>
    <test name="ChromeTest" duration-ms="7839" started-at="2017-04-27T10:38:30Z" finished-at="2017-04-27T10:38:37Z">
      <class name="sampleProject.SampleProjectExecution">
        <test-method status="PASS" signature="launchGmail(java.lang.String)[pri:0, instance:sampleProject.SampleProjectExecution@59fa1d9b]" name="launchGmail" duration-ms="7823" started-at="2017-04-27T16:08:30Z" finished-at="2017-04-27T16:08:37Z">
          <params>
            <param index="0">
              <value>
                <![CDATA[Chrome]]>
              </value>
            </param>
          </params>
          <reporter-output>
          </reporter-output>
        </test-method> <!-- launchGmail -->
      </class> <!-- sampleProject.SampleProjectExecution -->
    </test> <!-- ChromeTest -->
    <test name="IETest" duration-ms="22452" started-at="2017-04-27T10:38:30Z" finished-at="2017-04-27T10:38:52Z">
      <class name="sampleProject.SampleProjectExecution">
        <test-method status="PASS" signature="launchGmail(java.lang.String)[pri:0, instance:sampleProject.SampleProjectExecution@6093dd95]" name="launchGmail" duration-ms="22438" started-at="2017-04-27T16:08:30Z" finished-at="2017-04-27T16:08:52Z">
          <params>
            <param index="0">
              <value>
                <![CDATA[IE]]>
              </value>
            </param>
          </params>
          <reporter-output>
          </reporter-output>
        </test-method> <!-- launchGmail -->
      </class> <!-- sampleProject.SampleProjectExecution -->
    </test> <!-- IETest -->
  </suite> <!-- Suite -->
</testng-results>
